<?xml version="1.0" encoding="UTF-8"?>
<!-- Generated by org.testng.reporters.JUnitReportReporter -->
<testsuite hostname="Sehars-Laptop.local" failures="0" tests="1" name="MyAppTest" time="76.259" errors="0" timestamp="2024-02-08T17:02:01 PKT" skipped="0">
  <testcase classname="MyAppTest" name="testTeamPage" time="76.259"/>
</testsuite> <!-- MyAppTest -->
